SonarCloud plugins:
  - CSS Code Quality and Security 1.4.2.2002 (cssfamily)
  - IaC Code Quality and Security 1.0.0.746 (iac)
  - PL/SQL Code Quality and Security 3.6.1.3873 (plsql)
  - Scala Code Quality and Security 1.8.3.2219 (sonarscala)
  - C# Code Quality and Security 8.26.0.34506 (csharp)
  - Vulnerability Analysis 9.0.0.12669 (security)
  - Java Code Quality and Security 7.2.0.26923 (java)
  - HTML Code Quality and Security 3.4.0.2754 (web)
  - Flex Code Quality and Security 2.6.2.2641 (flex)
  - XML Code Quality and Security 2.2.0.2973 (xml)
  - VB.NET Code Quality and Security 8.26.0.34506 (vbnet)
  - Swift Code Quality and Security 4.3.1.4892 (swift)
  - CFamily Code Quality and Security 6.23.0.34138 (cpp)
  - Python Code Quality and Security 3.5.0.8244 (python)
  - Go Code Quality and Security 1.8.3.2219 (go)
  - JaCoCo 1.1.1.1157 (jacoco)
  - Kotlin Code Quality and Security 2.0.1.110 (kotlin)
  - Mercurial 1.1.2 (scmmercurial)
  - T-SQL Code Quality and Security 1.5.1.4340 (tsql)
  - Apex Code Quality and Security 1.8.3.2219 (sonarapex)
  - JavaScript/TypeScript Code Quality and Security 8.1.0.15788 (javascript)
  - Ruby Code Quality and Security 1.8.3.2219 (ruby)
  - Vulnerability Rules for C# 9.0.0.12669 (securitycsharpfrontend)
  - Vulnerability Rules for Java 9.0.0.12669 (securityjavafrontend)
  - License for SonarLint 8.0.0.22079 (license)
  - Vulnerability Rules for JS 9.0.0.12669 (securityjsfrontend)
  - COBOL Code Quality 4.6.2.4876 (cobol)
  - Vulnerability Rules for Python 9.0.0.12669 (securitypythonfrontend)
  - PHP Code Quality and Security 3.17.0.7439 (php)
  - ABAP Code Quality and Security 3.9.1.3127 (abap)
  - Configuration detection fot Code Quality and Security 1.0.0.32 (config)
  - Vulnerability Rules for PHP 9.0.0.12669 (securityphpfrontend)
Global server settings:
  - email.from=noreply@sonarcloud.io
  - email.fromName=SonarCloud
  - email.prefix=[SonarCloud]
  - node_10_end_of_support_date=1620604800000
  - node_10_grace_period_termination_date=1621814400000
  - sonar.auth.bitbucket.enabled=true
  - sonar.auth.microsoft.enabled=true
  - sonar.core.id=1BD809FA-AWHW8ct9-T_TB3XqouNu
  - sonar.core.serverBaseURL=https://sonarcloud.io
  - sonar.core.startTime=2021-07-26T10:50:02+0200
  - sonar.dbcleaner.weeksBeforeDeletingAllSnapshots=480
  - sonar.dbcleaner.weeksBeforeKeepingOnlyOneSnapshotByMonth=4
  - sonar.dbcleaner.weeksBeforeKeepingOnlyOneSnapshotByWeek=1
  - sonar.lf.enableGravatar=true
  - sonar.lf.logoWidthPx=105
  - sonar.organizations.anyoneCanCreate=true
  - sonar.organizations.createPersonalOrg=true
  - sonar.plsql.file.suffixes=sql,tab,pkb
  - sonar.tsql.file.suffixes=.tsql
Project server settings:
Project scanner properties:
  - sonar.binaries=C:\Users\Jorge\Desktop\Parcial2\examen-final-JorgeCastillo\Parcial2\target\classes
  - sonar.groovy.binaries=C:\Users\Jorge\Desktop\Parcial2\examen-final-JorgeCastillo\Parcial2\target\classes
  - sonar.host.url=https://sonarcloud.io
  - sonar.java.binaries=C:\Users\Jorge\Desktop\Parcial2\examen-final-JorgeCastillo\Parcial2\target\classes
  - sonar.java.source=14
  - sonar.java.target=14
  - sonar.java.test.binaries=C:\Users\Jorge\Desktop\Parcial2\examen-final-JorgeCastillo\Parcial2\target\test-classes
  - sonar.java.test.libraries=C:\Users\Jorge\Desktop\Parcial2\examen-final-JorgeCastillo\Parcial2\target\classes,C:\Users\Jorge\.m2\repository\org\testng\testng\7.4.0\testng-7.4.0.jar,C:\Users\Jorge\.m2\repository\com\beust\jcommander\1.78\jcommander-1.78.jar,C:\Users\Jorge\.m2\repository\org\webjars\jquery\3.5.1\jquery-3.5.1.jar
  - sonar.junit.reportPaths=C:\Users\Jorge\Desktop\Parcial2\examen-final-JorgeCastillo\Parcial2\target\surefire-reports
  - sonar.junit.reportsPath=C:\Users\Jorge\Desktop\Parcial2\examen-final-JorgeCastillo\Parcial2\target\surefire-reports
  - sonar.links.ci=
  - sonar.links.homepage=
  - sonar.links.issue=
  - sonar.links.scm=
  - sonar.links.scm_dev=
  - sonar.moduleKey=cs2901-2021-1_examen-final-JorgeCastillo
  - sonar.organization=cs2901-2021-1
  - sonar.projectBaseDir=C:\Users\Jorge\Desktop\Parcial2\examen-final-JorgeCastillo\Parcial2
  - sonar.projectBuildDir=C:\Users\Jorge\Desktop\Parcial2\examen-final-JorgeCastillo\Parcial2\target
  - sonar.projectKey=cs2901-2021-1_examen-final-JorgeCastillo
  - sonar.projectName=Parcial2
  - sonar.projectVersion=1.0-SNAPSHOT
  - sonar.scanner.app=ScannerMaven
  - sonar.scanner.appVersion=3.9.0.2155/3.6.3
  - sonar.sourceEncoding=UTF-8
  - sonar.sources=C:\Users\Jorge\Desktop\Parcial2\examen-final-JorgeCastillo\Parcial2\pom.xml,C:\Users\Jorge\Desktop\Parcial2\examen-final-JorgeCastillo\Parcial2\src\main\java
  - sonar.tests=C:\Users\Jorge\Desktop\Parcial2\examen-final-JorgeCastillo\Parcial2\src\test\java
  - sonar.working.directory=C:\Users\Jorge\Desktop\Parcial2\examen-final-JorgeCastillo\Parcial2\target\sonar
